Drill report for base2.0.kicad_pcb
Created on Tue Feb  9 17:16:18 2021

Copper Layer Stackup:
    =============================================================
    L1 :  F.Cu                      front
    L2 :  In1.Cu                    in1
    L3 :  In2.Cu                    in2
    L4 :  B.Cu                      back


Drill file 'base2.0.drl' contains
    plated through holes:
    =============================================================
    T1  0.40mm  0.016"  (30 holes)
    T2  0.65mm  0.026"  (23 holes)
    T3  0.75mm  0.030"  (6 holes)
    T4  2.20mm  0.087"  (2 holes)

    Total plated holes count 61


Not plated through holes are merged with plated holes
    unplated through holes:
    =============================================================

    Total unplated holes count 0
